Flutter crash report.
Please report a bug at https://github.com/flutter/flutter/issues.

## command

flutter --quiet assemble --depfile C:\Users\Birkoff\premiere\build\app\intermediates\flutter\debug/flutter_build.d --output C:\Users\Birkoff\premiere\build\app\intermediates\flutter\debug -dTargetFile=C:\Users\Birkoff\premiere\lib\main.dart -dTargetPlatform=android -dBuildMode=debug -dTrackWidgetCreation=true --DartDefines=flutter.inspector.structuredErrors%3Dtrue debug_android_application

## exception

FileSystemException: FileSystemException: Cannot create file, path = 'C:\Users\Birkoff\premiere\.dart_tool\flutter_build\c9b09b704c313e957f5e32ad48b21962\.filecache' (OS Error: Espace insuffisant sur le disque.
, errno = 112)

```
#0      _File.throwIfError (dart:io/file_impl.dart:635:7)
#1      _File.createSync (dart:io/file_impl.dart:273:5)
#2      ForwardingFile.createSync (package:file/src/forwarding/forwarding_file.dart:24:16)
#3      FileStore.persist (package:flutter_tools/src/build_system/file_store.dart:158:18)
#4      FlutterBuildSystem.build (package:flutter_tools/src/build_system/build_system.dart:569:17)
<asynchronous suspension>
#5      AssembleCommand.runCommand (package:flutter_tools/src/commands/assemble.dart:221:58)
#6      FlutterCommand.verifyThenRunCommand (package:flutter_tools/src/runner/flutter_command.dart:977:18)
<asynchronous suspension>
#7      FlutterCommand.run.<anonymous closure> (package:flutter_tools/src/runner/flutter_command.dart:836:33)
<asynchronous suspension>
#8      FlutterCommand.run.<anonymous closure> (package:flutter_tools/src/runner/flutter_command.dart)
#9      AppContext.run.<anonymous closure> (package:flutter_tools/src/base/context.dart:150:29)
#10     _rootRun (dart:async/zone.dart:1190:13)
#11     _CustomZone.run (dart:async/zone.dart:1093:19)
#12     _runZoned (dart:async/zone.dart:1630:10)
#13     runZoned (dart:async/zone.dart:1550:10)
#14     AppContext.run (package:flutter_tools/src/base/context.dart:149:18)
#15     FlutterCommand.run (package:flutter_tools/src/runner/flutter_command.dart:825:20)
#16     CommandRunner.runCommand (package:args/command_runner.dart:197:27)
#17     FlutterCommandRunner.runCommand.<anonymous closure> (package:flutter_tools/src/runner/flutter_command_runner.dart:335:21)
<asynchronous suspension>
#18     FlutterCommandRunner.runCommand.<anonymous closure> (package:flutter_tools/src/runner/flutter_command_runner.dart)
#19     AppContext.run.<anonymous closure> (package:flutter_tools/src/base/context.dart:150:29)
#20     _rootRun (dart:async/zone.dart:1190:13)
#21     _CustomZone.run (dart:async/zone.dart:1093:19)
#22     _runZoned (dart:async/zone.dart:1630:10)
#23     runZoned (dart:async/zone.dart:1550:10)
#24     AppContext.run (package:flutter_tools/src/base/context.dart:149:18)
#25     FlutterCommandRunner.runCommand (package:flutter_tools/src/runner/flutter_command_runner.dart:281:19)
<asynchronous suspension>
#26     CommandRunner.run.<anonymous closure> (package:args/command_runner.dart:112:25)
#27     new Future.sync (dart:async/future.dart:223:31)
#28     CommandRunner.run (package:args/command_runner.dart:112:14)
#29     FlutterCommandRunner.run (package:flutter_tools/src/runner/flutter_command_runner.dart:230:18)
#30     run.<anonymous closure>.<anonymous closure> (package:flutter_tools/runner.dart:63:22)
#31     _rootRun (dart:async/zone.dart:1190:13)
#32     _CustomZone.run (dart:async/zone.dart:1093:19)
#33     _runZoned (dart:async/zone.dart:1630:10)
#34     runZonedGuarded (dart:async/zone.dart:1618:12)
#35     runZoned (dart:async/zone.dart:1547:12)
#36     run.<anonymous closure> (package:flutter_tools/runner.dart:61:18)
<asynchronous suspension>
#37     run.<anonymous closure> (package:flutter_tools/runner.dart)
#38     runInContext.runnerWrapper (package:flutter_tools/src/context_runner.dart:67:18)
<asynchronous suspension>
#39     runInContext.runnerWrapper (package:flutter_tools/src/context_runner.dart)
#40     AppContext.run.<anonymous closure> (package:flutter_tools/src/base/context.dart:150:29)
#41     _rootRun (dart:async/zone.dart:1190:13)
#42     _CustomZone.run (dart:async/zone.dart:1093:19)
#43     _runZoned (dart:async/zone.dart:1630:10)
#44     runZoned (dart:async/zone.dart:1550:10)
#45     AppContext.run (package:flutter_tools/src/base/context.dart:149:18)
#46     runInContext (package:flutter_tools/src/context_runner.dart:70:24)
#47     run (package:flutter_tools/runner.dart:46:10)
#48     main (package:flutter_tools/executable.dart:77:9)
#49     main (file:///C:/src/flutter/packages/flutter_tools/bin/flutter_tools.dart:8:3)
#50     _startIsolate.<anonymous closure> (dart:isolate-patch/isolate_patch.dart:299:32)
#51     _RawReceivePortImpl._handleMessage (dart:isolate-patch/isolate_patch.dart:168:12)
```

## flutter doctor

```
[✓] Flutter (Channel stable, 1.22.4, on Microsoft Windows [version 10.0.18362.145], locale fr-FR)
    • Flutter version 1.22.4 at C:\src\flutter
    • Framework revision 1aafb3a8b9 (1 year, 4 months ago), 2020-11-13 09:59:28 -0800
    • Engine revision 2c956a31c0
    • Dart version 2.10.4

[✓] Android toolchain - develop for Android devices (Android SDK version 32.0.0)
    • Android SDK at C:\Users\Birkoff\AppData\Local\Android\Sdk
    • Platform android-32, build-tools 32.0.0
    • ANDROID_HOME = C:\Users\Birkoff\AppData\Local\Android\Sdk
    • Java binary at: C:\Program Files\Eclipse Adoptium\jdk-8.0.322.6-hotspot\bin\java
    • Java version OpenJDK Runtime Environment (Temurin)(build 1.8.0_322-b06)
    • All Android licenses accepted.

[!] Android Studio (not installed)
    • Android Studio not found; download from https://developer.android.com/studio/index.html
      (or visit https://flutter.dev/docs/get-started/install/windows#android-setup for detailed instructions).

[✓] VS Code (version 1.65.2)
    • VS Code at C:\Users\Birkoff\AppData\Local\Programs\Microsoft VS Code
    • Flutter extension version 3.36.0

[✓] Connected device (1 available)
    • itel A14 (mobile) • 037721489A000472 • android-arm • Android 8.1.0 (API 27)

! Doctor found issues in 1 category.
```
